Fri Jul 17 14:45:32 CDT 2020
MaxEnt version 3.4.1
Reading file absence
readGrid: max memory 518979584, total allocated 16318464, free 2280264, used 14038200, increment 6032160
Reading samples from presence
Read samples: max memory 518979584, total allocated 16318464, free 2648040, used 13670424, increment -367776
Adding samples to background in feature space
Command line used:  autorun -e MaxEnt_Agyrt/absence -o MaxEnt_Agyrt -s MaxEnt_Agyrt/presence -z
Command line to repeat: java density.MaxEnt nowarnings noprefixes outputdirectory=MaxEnt_Agyrt samplesfile=MaxEnt_Agyrt/presence environmentallayers=MaxEnt_Agyrt/absence autorun novisible
Species: species
Layers: bio01nz bio05nz bio06nz bio12nz bio13nz bio14nz
Layertypes: Continuous Continuous Continuous Continuous Continuous Continuous
outputdirectory: MaxEnt_Agyrt
samplesfile: MaxEnt_Agyrt/presence
environmentallayers: MaxEnt_Agyrt/absence
autorun: true
visible: false

getSamples: max memory 518979584, total allocated 16318464, free 2149608, used 14168856, increment 498432
Making features
makeFeatures: max memory 518979584, total allocated 16318464, free 1881896, used 14436568, increment 267712
species: 
Regularization values: linear/quadratic/product: 0.124, categorical: 0.250, threshold: 1.260, hinge: 0.500
74 samples
Density: max memory 518979584, total allocated 16318464, free 5101072, used 11217392, increment -3219176
linearPredictor: max memory 518979584, total allocated 16318464, free 5101072, used 11217392, increment 0
FeaturedSpace: max memory 518979584, total allocated 16318464, free 5101072, used 11217392, increment 0
Sequential: max memory 518979584, total allocated 16318464, free 5101072, used 11217392, increment 0
Initial loss: 6.97914527506881
Time since start: 1.747
500: time = 1.706000 loss = 6.426372
Resulting gain: 0.5527729087474498
Projecting...
Writing file MaxEnt_Agyrt\species.csv
Ending
