Thu Jul 16 16:24:53 CDT 2020
MaxEnt version 3.4.1
Reading file absence
readGrid: max memory 518979584, total allocated 16252928, free 10523064, used 5729864, increment 2857336
Reading samples from presence
Read samples: max memory 518979584, total allocated 16252928, free 10765448, used 5487480, increment -242384
Adding samples to background in feature space
Command line used:  autorun -e MaxEnt_Brachy/absence -o MaxEnt_Brachy -s MaxEnt_Brachy/presence -z
Command line to repeat: java density.MaxEnt nowarnings noprefixes outputdirectory=MaxEnt_Brachy samplesfile=MaxEnt_Brachy/presence environmentallayers=MaxEnt_Brachy/absence autorun novisible
Species: species
Layers: bio01nz bio05nz bio06nz bio12nz bio13nz bio14nz
Layertypes: Continuous Continuous Continuous Continuous Continuous Continuous
outputdirectory: MaxEnt_Brachy
samplesfile: MaxEnt_Brachy/presence
environmentallayers: MaxEnt_Brachy/absence
autorun: true
visible: false

getSamples: max memory 518979584, total allocated 16252928, free 9950200, used 6302728, increment 815248
Making features
makeFeatures: max memory 518979584, total allocated 16252928, free 9678856, used 6574072, increment 271344
species: 
Regularization values: linear/quadratic/product: 0.050, categorical: 0.250, threshold: 1.000, hinge: 0.500
131 samples
Density: max memory 518979584, total allocated 16252928, free 8587032, used 7665896, increment 1091824
linearPredictor: max memory 518979584, total allocated 16252928, free 8587032, used 7665896, increment 0
FeaturedSpace: max memory 518979584, total allocated 16252928, free 8587032, used 7665896, increment 0
Sequential: max memory 518979584, total allocated 16252928, free 8587032, used 7665896, increment 0
Initial loss: 7.030857476116121
Time since start: 1.255
500: time = 1.210000 loss = 6.622128
Resulting gain: 0.40872919006837094
Projecting...
Writing file MaxEnt_Brachy\species.csv
Ending
