Thu Jul 16 16:43:37 CDT 2020
MaxEnt version 3.4.1
Reading file absence
readGrid: max memory 518979584, total allocated 16318464, free 4580960, used 11737504, increment 4071608
Reading samples from presence
Read samples: max memory 518979584, total allocated 16318464, free 4922296, used 11396168, increment -341336
Adding samples to background in feature space
Command line used:  autorun -e MaxEnt_Epi/absence -o MaxEnt_Epi -s MaxEnt_Epi/presence -z
Command line to repeat: java density.MaxEnt nowarnings noprefixes outputdirectory=MaxEnt_Epi samplesfile=MaxEnt_Epi/presence environmentallayers=MaxEnt_Epi/absence autorun novisible
Species: species
Layers: bio01nz bio05nz bio06nz bio12nz bio13nz bio14nz
Layertypes: Continuous Continuous Continuous Continuous Continuous Continuous
outputdirectory: MaxEnt_Epi
samplesfile: MaxEnt_Epi/presence
environmentallayers: MaxEnt_Epi/absence
autorun: true
visible: false

getSamples: max memory 518979584, total allocated 16318464, free 4441272, used 11877192, increment 481024
Making features
makeFeatures: max memory 518979584, total allocated 16318464, free 4115928, used 12202536, increment 325344
species: 
Regularization values: linear/quadratic/product: 0.133, categorical: 0.250, threshold: 1.290, hinge: 0.500
71 samples
Density: max memory 518979584, total allocated 16318464, free 3192480, used 13125984, increment 923448
linearPredictor: max memory 518979584, total allocated 16318464, free 3183896, used 13134568, increment 8584
FeaturedSpace: max memory 518979584, total allocated 16318464, free 3183896, used 13134568, increment 0
Sequential: max memory 518979584, total allocated 16318464, free 3183896, used 13134568, increment 0
Initial loss: 6.976348070447749
Time since start: 1.128
500: time = 1.076000 loss = 6.593600
Resulting gain: 0.38274853448129953
Projecting...
Writing file MaxEnt_Epi\species.csv
Ending
